Using pre-set license
Built from '2022.3/staging' branch; Version is '2022.3.42f1 (2dcb6a0abc42) revision 3001194'; Using compiler version '192829333'; Build Type 'Release'
OS: 'Windows 11  (10.0.22631) 64bit Core' Language: 'en' Physical Memory: 15690 MB
BatchMode: 1, IsHumanControllingUs: 0, StartBugReporterOnCrash: 0, Is64bit: 1, IsPro: 1

COMMAND LINE ARGUMENTS:
D:\Unity\2022.3.42f1\Editor\Unity.exe
-adb2
-batchMode
-noUpm
-name
AssetImportWorker0
-projectPath
D:/Udemy/Complete_Unity_Game_Developer_3D/The Land
-logFile
Logs/AssetImportWorker0.log
-srvPort
51447
Successfully changed project path to: D:/Udemy/Complete_Unity_Game_Developer_3D/The Land
D:/Udemy/Complete_Unity_Game_Developer_3D/The Land
[UnityMemory] Configuration Parameters - Can be set up in boot.config
    "memorysetup-bucket-allocator-granularity=16"
    "memorysetup-bucket-allocator-bucket-count=8"
    "memorysetup-bucket-allocator-block-size=33554432"
    "memorysetup-bucket-allocator-block-count=8"
    "memorysetup-main-allocator-block-size=16777216"
    "memorysetup-thread-allocator-block-size=16777216"
    "memorysetup-gfx-main-allocator-block-size=16777216"
    "memorysetup-gfx-thread-allocator-block-size=16777216"
    "memorysetup-cache-allocator-block-size=4194304"
    "memorysetup-typetree-allocator-block-size=2097152"
    "memorysetup-profiler-bucket-allocator-granularity=16"
    "memorysetup-profiler-bucket-allocator-bucket-count=8"
    "memorysetup-profiler-bucket-allocator-block-size=33554432"
    "memorysetup-profiler-bucket-allocator-block-count=8"
    "memorysetup-profiler-allocator-block-size=16777216"
    "memorysetup-profiler-editor-allocator-block-size=1048576"
    "memorysetup-temp-allocator-size-main=16777216"
    "memorysetup-job-temp-allocator-block-size=2097152"
    "memorysetup-job-temp-allocator-block-size-background=1048576"
    "memorysetup-job-temp-allocator-reduction-small-platforms=262144"
    "memorysetup-allocator-temp-initial-block-size-main=262144"
    "memorysetup-allocator-temp-initial-block-size-worker=262144"
    "memorysetup-temp-allocator-size-background-worker=32768"
    "memorysetup-temp-allocator-size-job-worker=262144"
    "memorysetup-temp-allocator-size-preload-manager=33554432"
    "memorysetup-temp-allocator-size-nav-mesh-worker=65536"
    "memorysetup-temp-allocator-size-audio-worker=65536"
    "memorysetup-temp-allocator-size-cloud-worker=32768"
    "memorysetup-temp-allocator-size-gi-baking-worker=262144"
    "memorysetup-temp-allocator-size-gfx=262144"
Player connection [2912]  Target information:

Player connection [2912]  * "[IP] 192.168.56.1 [Port] 0 [Flags] 2 [Guid] 3154168706 [EditorId] 3154168706 [Version] 1048832 [Id] WindowsEditor(7,DESKTOP-BH8TG66) [Debug] 1 [PackageName] WindowsEditor [ProjectName] Editor" 

Player connection [2912]  * "[IP] 192.168.1.8 [Port] 0 [Flags] 2 [Guid] 3154168706 [EditorId] 3154168706 [Version] 1048832 [Id] WindowsEditor(7,DESKTOP-BH8TG66) [Debug] 1 [PackageName] WindowsEditor [ProjectName] Editor" 

Player connection [2912] Host joined multi-casting on [225.0.0.222:54997]...
Player connection [2912] Host joined alternative multi-casting on [225.0.0.222:34997]...
[PhysX] Initialized MultithreadedTaskDispatcher with 12 workers.
Refreshing native plugins compatible for Editor in 10.03 ms, found 3 plugins.
Preloading 0 native plugins for Editor in 0.00 ms.
Initialize engine version: 2022.3.42f1 (2dcb6a0abc42)
[Subsystems] Discovering subsystems at path D:/Unity/2022.3.42f1/Editor/Data/Resources/UnitySubsystems
[Subsystems] Discovering subsystems at path D:/Udemy/Complete_Unity_Game_Developer_3D/The Land/Assets
GfxDevice: creating device client; threaded=0; jobified=0
Direct3D:
    Version:  Direct3D 11.0 [level 11.1]
    Renderer: NVIDIA GeForce RTX 2050 (ID=0x25ad)
    Vendor:   NVIDIA
    VRAM:     3977 MB
    Driver:   31.0.15.4680
Initialize mono
Mono path[0] = 'D:/Unity/2022.3.42f1/Editor/Data/Managed'
Mono path[1] = 'D:/Unity/2022.3.42f1/Editor/Data/MonoBleedingEdge/lib/mono/unityjit-win32'
Mono config path = 'D:/Unity/2022.3.42f1/Editor/Data/MonoBleedingEdge/etc'
Using monoOptions --debugger-agent=transport=dt_socket,embedding=1,server=y,suspend=n,address=127.0.0.1:56084
Begin MonoManager ReloadAssembly
Registering precompiled unity dll's ...
Register platform support module: D:/Unity/2022.3.42f1/Editor/Data/PlaybackEngines/WebGLSupport/UnityEditor.WebGL.Extensions.dll
Register platform support module: D:/Unity/2022.3.42f1/Editor/Data/PlaybackEngines/WindowsStandaloneSupport/UnityEditor.WindowsStandalone.Extensions.dll
Registered in 0.004528 seconds.
- Loaded All Assemblies, in  0.377 seconds
Native extension for WindowsStandalone target not found
Native extension for WebGL target not found
Mono: successfully reloaded assembly
- Finished resetting the current domain, in  0.294 seconds
Domain Reload Profiling: 671ms
	BeginReloadAssembly (136ms)
		ExecutionOrderSort (0ms)
		DisableScriptedObjects (0ms)
		BackupInstance (0ms)
		ReleaseScriptingObjects (0ms)
		CreateAndSetChildDomain (1ms)
	RebuildCommonClasses (31ms)
	RebuildNativeTypeToScriptingClass (10ms)
	initialDomainReloadingComplete (56ms)
	LoadAllAssembliesAndSetupDomain (145ms)
		LoadAssemblies (135ms)
		RebuildTransferFunctionScriptingTraits (0ms)
		AnalyzeDomain (142ms)
			TypeCache.Refresh (141ms)
				TypeCache.ScanAssembly (129ms)
			ScanForSourceGeneratedMonoScriptInfo (0ms)
			ResolveRequiredComponents (1ms)
	FinalizeReload (294ms)
		ReleaseScriptCaches (0ms)
		RebuildScriptCaches (0ms)
		SetupLoadedEditorAssemblies (247ms)
			LogAssemblyErrors (0ms)
			InitializePlatformSupportModulesInManaged (10ms)
			SetLoadedEditorAssemblies (6ms)
			RefreshPlugins (0ms)
			BeforeProcessingInitializeOnLoad (3ms)
			ProcessInitializeOnLoadAttributes (167ms)
			ProcessInitializeOnLoadMethodAttributes (61ms)
			AfterProcessingInitializeOnLoad (0ms)
			EditorAssembliesLoaded (0ms)
		ExecutionOrderSort2 (0ms)
		AwakeInstancesAfterBackupRestoration (0ms)
========================================================================
Worker process is ready to serve import requests
Caller must complete domain reload
Begin MonoManager ReloadAssembly
- Loaded All Assemblies, in  0.634 seconds
Native extension for WindowsStandalone target not found
Native extension for WebGL target not found
Package Manager log level set to [2]
[Package Manager] Server::EnsureServerProcessIsRunning -- launch failed, reason: Unity was launched with the -noUpm command-line argument
[Package Manager] UpmClient::Send -- Unable to send message (not connected to UPM process).
[Package Manager] Cannot connect to Unity Package Manager local server
Mono: successfully reloaded assembly
- Finished resetting the current domain, in  0.670 seconds
Domain Reload Profiling: 1305ms
	BeginReloadAssembly (156ms)
		ExecutionOrderSort (0ms)
		DisableScriptedObjects (5ms)
		BackupInstance (0ms)
		ReleaseScriptingObjects (0ms)
		CreateAndSetChildDomain (23ms)
	RebuildCommonClasses (31ms)
	RebuildNativeTypeToScriptingClass (11ms)
	initialDomainReloadingComplete (43ms)
	LoadAllAssembliesAndSetupDomain (393ms)
		LoadAssemblies (321ms)
		RebuildTransferFunctionScriptingTraits (0ms)
		AnalyzeDomain (163ms)
			TypeCache.Refresh (145ms)
				TypeCache.ScanAssembly (132ms)
			ScanForSourceGeneratedMonoScriptInfo (11ms)
			ResolveRequiredComponents (5ms)
	FinalizeReload (671ms)
		ReleaseScriptCaches (0ms)
		RebuildScriptCaches (0ms)
		SetupLoadedEditorAssemblies (537ms)
			LogAssemblyErrors (0ms)
			InitializePlatformSupportModulesInManaged (6ms)
			SetLoadedEditorAssemblies (7ms)
			RefreshPlugins (0ms)
			BeforeProcessingInitializeOnLoad (80ms)
			ProcessInitializeOnLoadAttributes (420ms)
			ProcessInitializeOnLoadMethodAttributes (22ms)
			AfterProcessingInitializeOnLoad (2ms)
			EditorAssembliesLoaded (0ms)
		ExecutionOrderSort2 (0ms)
		AwakeInstancesAfterBackupRestoration (9ms)
Launched and connected shader compiler UnityShaderCompiler.exe after 0.06 seconds
Refreshing native plugins compatible for Editor in 2.88 ms, found 3 plugins.
Preloading 0 native plugins for Editor in 0.00 ms.
Unloading 3089 Unused Serialized files (Serialized files now loaded: 0)
Unloading 19 unused Assets / (54.5 KB). Loaded Objects now: 3555.
Memory consumption went from 118.1 MB to 118.0 MB.
Total: 3.097300 ms (FindLiveObjects: 0.229800 ms CreateObjectMapping: 0.134000 ms MarkObjects: 2.642700 ms  DeleteObjects: 0.089900 ms)

AssetImportParameters requested are different than current active one (requested -> active):
  custom:container-demuxer-ogg: 62fdf1f143b41e24485cea50d1cbac27 -> 
  custom:video-codec-MediaFoundation-h265: 746d11721c4dcdbdad8f713fa42b33f4 -> 
  custom:video-decoder-ogg-theora: a1e56fd34408186e4bbccfd4996cb3dc -> 
  custom:framework-win-MediaFoundation: 216162199b28c13a410421893ffa2e32 -> 
  custom:CustomObjectIndexerAttribute: 9a22284fe3817be447336de3de66b15e -> 
  custom:container-demuxer-webm: 4f35f7cbe854078d1ac9338744f61a02 -> 
  custom:container-muxer-webm: aa71ff27fc2769a1b78a27578f13a17b -> 
  custom:video-decoder-webm-vp8: 9c59270c3fd7afecdb556c50c9e8de78 -> 
  custom:SearchIndexIgnoredProperties: e643bd26f0fe6173181afceb89e7c659 -> 
  custom:AudioImporter_EditorPlatform: d09bf68614088b80899f8185d706f6e7 -> 
  custom:video-encoder-webm-vp8: eb34c28f22e8b96e1ab97ce403110664 -> 
  custom:audio-decoder-ogg-vorbis: bf7c407c2cedff20999df2af8eb42d56 -> 
  custom:audio-encoder-webm-vorbis: bf7c407c2cedff20999df2af8eb42d56 -> 
========================================================================
Received Import Request.
  Time since last request: 85264.491839 seconds.
  path: Assets
  artifactKey: Guid(00000000000000001000000000000000) Importer(815301076,1909f56bfc062723c751e8b465ee728b)
Start importing Assets using Guid(00000000000000001000000000000000) Importer(815301076,1909f56bfc062723c751e8b465ee728b) [PhysX] Initialized MultithreadedTaskDispatcher with 12 workers.
 -> (artifact id: 'ae5280ad91af67e2a353905758f96678') in 0.002549 seconds
Number of updated asset objects reloaded before import = 0
Number of asset objects unloaded after import = 0
========================================================================
Received Import Request.
  Time since last request: 7.992118 seconds.
  path: Assets/StandardAssets
  artifactKey: Guid(20f7f863b1ddaf348a0270f765e4f68f) Importer(815301076,1909f56bfc062723c751e8b465ee728b)
Start importing Assets/StandardAssets using Guid(20f7f863b1ddaf348a0270f765e4f68f) Importer(815301076,1909f56bfc062723c751e8b465ee728b) [PhysX] Initialized MultithreadedTaskDispatcher with 12 workers.
 -> (artifact id: 'c41a8a7500d0835dee1ee906d08423a7') in 0.000548 seconds
Number of updated asset objects reloaded before import = 0
Number of asset objects unloaded after import = 0
========================================================================
Received Import Request.
  Time since last request: 26.134648 seconds.
  path: Assets/Standard Assets
  artifactKey: Guid(20f7f863b1ddaf348a0270f765e4f68f) Importer(815301076,1909f56bfc062723c751e8b465ee728b)
Start importing Assets/Standard Assets using Guid(20f7f863b1ddaf348a0270f765e4f68f) Importer(815301076,1909f56bfc062723c751e8b465ee728b) [PhysX] Initialized MultithreadedTaskDispatcher with 12 workers.
 -> (artifact id: '1bde6a0db7befe07a865733122b3a225') in 0.000551 seconds
Number of updated asset objects reloaded before import = 0
Number of asset objects unloaded after import = 0
========================================================================
Received Prepare
Caller must complete domain reload
Begin MonoManager ReloadAssembly
- Loaded All Assemblies, in  0.445 seconds
Native extension for WindowsStandalone target not found
Native extension for WebGL target not found
[ScriptCompilation] NOT recompiling all scripts because this is an import worker process. Reason to compile was: Define symbols changed
System.ArgumentException: There is no a valid NamedBuildTarget for BuildTargetGroup 'PSM'
  at UnityEditor.Build.NamedBuildTarget.FromBuildTargetGroup (UnityEditor.BuildTargetGroup buildTargetGroup) [0x00159] in <fd823a7663ea4cdb840e6c898e2256ce>:0 
  at UnityEditor.PlayerSettings.GetScriptingDefineSymbolsForGroup (UnityEditor.BuildTargetGroup targetGroup) [0x00000] in <fd823a7663ea4cdb840e6c898e2256ce>:0 
  at UnityStandardAssets.CrossPlatformInput.Inspector.CrossPlatformInitialize.GetDefinesList (UnityEditor.BuildTargetGroup group) [0x00001] in D:\Udemy\Complete_Unity_Game_Developer_3D\The Land\Assets\Standard Assets\Editor\CrossPlatformInput\CrossPlatformInputInitialize.cs:134 
  at UnityStandardAssets.CrossPlatformInput.Inspector.CrossPlatformInitialize.SetEnabled (System.String defineName, System.Boolean enable, System.Boolean mobile) [0x0001b] in D:\Udemy\Complete_Unity_Game_Developer_3D\The Land\Assets\Standard Assets\Editor\CrossPlatformInput\CrossPlatformInputInitialize.cs:106 
  at UnityStandardAssets.CrossPlatformInput.Inspector.CrossPlatformInitialize..cctor () [0x0005a] in D:\Udemy\Complete_Unity_Game_Developer_3D\The Land\Assets\Standard Assets\Editor\CrossPlatformInput\CrossPlatformInputInitialize.cs:22 
UnityEngine.StackTraceUtility:ExtractStackTrace ()
UnityEngine.DebugLogHandler:LogFormat (UnityEngine.LogType,UnityEngine.Object,string,object[])
UnityEngine.Logger:Log (UnityEngine.LogType,object)
UnityEngine.Debug:LogError (object)
UnityEditor.EditorAssemblies:ProcessInitializeOnLoadAttributes (System.Type[])

[Package Manager] Server::EnsureServerProcessIsRunning -- launch failed, reason: Unity was launched with the -noUpm command-line argument
[Package Manager] UpmClient::Send -- Unable to send message (not connected to UPM process).
[Package Manager] Cannot connect to Unity Package Manager local server
Mono: successfully reloaded assembly
- Finished resetting the current domain, in  1.012 seconds
Domain Reload Profiling: 1458ms
	BeginReloadAssembly (162ms)
		ExecutionOrderSort (0ms)
		DisableScriptedObjects (4ms)
		BackupInstance (0ms)
		ReleaseScriptingObjects (0ms)
		CreateAndSetChildDomain (35ms)
	RebuildCommonClasses (37ms)
	RebuildNativeTypeToScriptingClass (11ms)
	initialDomainReloadingComplete (23ms)
	LoadAllAssembliesAndSetupDomain (212ms)
		LoadAssemblies (282ms)
		RebuildTransferFunctionScriptingTraits (0ms)
		AnalyzeDomain (23ms)
			TypeCache.Refresh (9ms)
				TypeCache.ScanAssembly (1ms)
			ScanForSourceGeneratedMonoScriptInfo (8ms)
			ResolveRequiredComponents (5ms)
	FinalizeReload (1013ms)
		ReleaseScriptCaches (0ms)
		RebuildScriptCaches (0ms)
		SetupLoadedEditorAssemblies (535ms)
			LogAssemblyErrors (0ms)
			InitializePlatformSupportModulesInManaged (12ms)
			SetLoadedEditorAssemblies (6ms)
			RefreshPlugins (0ms)
			BeforeProcessingInitializeOnLoad (80ms)
			ProcessInitializeOnLoadAttributes (409ms)
			ProcessInitializeOnLoadMethodAttributes (25ms)
			AfterProcessingInitializeOnLoad (2ms)
			EditorAssembliesLoaded (0ms)
		ExecutionOrderSort2 (0ms)
		AwakeInstancesAfterBackupRestoration (10ms)
Refreshing native plugins compatible for Editor in 5.72 ms, found 3 plugins.
Preloading 0 native plugins for Editor in 0.00 ms.
Unloading 3176 Unused Serialized files (Serialized files now loaded: 0)
Unloading 31 unused Assets / (3.2 MB). Loaded Objects now: 3640.
Memory consumption went from 127.2 MB to 124.1 MB.
Total: 16.571800 ms (FindLiveObjects: 0.417000 ms CreateObjectMapping: 0.135700 ms MarkObjects: 14.993400 ms  DeleteObjects: 1.024100 ms)

Prepare: number of updated asset objects reloaded= 0
AssetImportParameters requested are different than current active one (requested -> active):
  custom:scripting/monoscript/fileName/MobileInput.cs: 916a9248ab1eb3f0d791859f028e70d8 -> 
  custom:scripting/monoscript/fileName/Water.cs: 4427281107f61d1837c0a767dd081136 -> 
  custom:scripting/monoscript/fileName/InputAxisScrollbar.cs: ac9f721155332e2772dc111905c4d583 -> 
  custom:container-demuxer-ogg: 62fdf1f143b41e24485cea50d1cbac27 -> 
  custom:scripting/monoscript/fileName/PlanarReflectionEditor.cs: e9b6649e6c72d886139d0a61dab2ce53 -> 
  custom:scripting/monoscript/fileName/ActivateTrigger.cs: c17dbf6ebd3571655102669753f97191 -> 
  custom:scripting/monoscript/fileName/WaypointCircuit.cs: eb0e609150550e528225b682103b43f4 -> 
  custom:scripting/monoscript/fileName/ParticleSystemDestroyer.cs: 4a3ccd840619c24dbe6ed070600d5d9e -> 
  custom:scripting/monoscript/fileName/ExplosionPhysicsForce.cs: 99c9bdd3f4711349ea008cc9307354fc -> 
  custom:scripting/monoscript/fileName/CrossPlatformInputInitialize.cs: 5298687dc61bd38df93e503be0cd027b -> 
  custom:scripting/monoscript/fileName/CrossPlatformInputManager.cs: 6de8af81d021eaf9393099950d116e92 -> 
  custom:scripting/monoscript/fileName/DragRigidbody.cs: 4603c3af3f13916f3fa935f6c699052a -> 
  custom:video-codec-MediaFoundation-h265: 746d11721c4dcdbdad8f713fa42b33f4 -> 
  custom:scripting/monoscript/fileName/GerstnerDisplace.cs: 7df2740790548bab84eb0d3c7932989c -> 
  custom:scripting/monoscript/fileName/SmokeParticles.cs: ae0be802c38d22b76b13deaf32e6b2fa -> 
  custom:scripting/monoscript/fileName/PlanarReflection.cs: 12735a809aeff545be42d56dcf008119 -> 
  custom:scripting/precompiled-assembly-types:Assembly-CSharp-Editor-firstpass: 889cd17f27cbaa524c45e740c96559da -> 
  custom:video-decoder-ogg-theora: a1e56fd34408186e4bbccfd4996cb3dc -> 
  custom:scripting/monoscript/fileName/WaterBasic.cs: 55f1f2d585546c05088574d22ca868db -> 
  custom:scripting/monoscript/fileName/WaterBaseEditor.cs: 7bfe9a8f976495e6455dffd894e3c518 -> 
  custom:framework-win-MediaFoundation: 216162199b28c13a410421893ffa2e32 -> 
  custom:scripting/precompiled-assembly-types:Assembly-CSharp-firstpass: d1daeefda41035eb331a3b1dc3a521ee -> 
  custom:scripting/monoscript/fileName/TouchPad.cs: 6807f02d81a6bfd6af95f1e26dad1c08 -> 
  custom:scripting/monoscript/fileName/TiltInput.cs: 1820939af3f541157a2fe21edb2c5afd -> 
  custom:scripting/monoscript/fileName/RigidbodyFirstPersonController.cs: ace2a793a454b629c5b1d471baf52a02 -> 
  custom:scripting/monoscript/fileName/SmoothFollow.cs: 6827ffa1ee9ce151924316a12a17fd6f -> 
  custom:scripting/monoscript/fileName/Ball.cs: 1f94b792729e7dfe8e4b6b48e94f74ad -> 
  custom:scripting/monoscript/fileName/ExtinguishableParticleSystem.cs: f8b7119b76e142217ea59caecee08c2d -> 
  custom:CustomObjectIndexerAttribute: 9a22284fe3817be447336de3de66b15e -> 
  custom:scripting/monoscript/fileName/AICharacterControl.cs: 1ba2ce23cf6d0498a7ed5611bc270566 -> 
  custom:scripting/monoscript/fileName/DynamicShadowSettings.cs: 4d386fbb6170c62321b4d131fcbbb95b -> 
  custom:scripting/monoscript/fileName/CurveControlledBob.cs: fd3c34ca61c0dfb6328f54c1782436be -> 
  custom:scripting/monoscript/fileName/AutoMobileShaderSwitch.cs: 99d7aaf020e3cf1646695822196b7aba -> 
  custom:scripting/monoscript/fileName/AlphaButtonClickMask.cs: d9b1e64559b9156677fa9de4d563dc4f -> 
  custom:container-demuxer-webm: 4f35f7cbe854078d1ac9338744f61a02 -> 
  custom:scripting/monoscript/fileName/SpecularLightingEditor.cs: b1aa7ff8d6178916b888123f93fc1461 -> 
  custom:scripting/monoscript/fileName/StandaloneInput.cs: 88b73dc74cc44043423a370601c3162d -> 
  custom:scripting/monoscript/fileName/MeshContainer.cs: 75ad9d60f0f027bf75784089522aa0ff -> 
  custom:scripting/monoscript/fileName/AbstractTargetFollower.cs: 6409c10c17b027813bf616cbbd82342d -> 
  custom:scripting/monoscript/fileName/FOVKick.cs: d136c86792778333cf463e29c8f7ade6 -> 
  custom:scripting/monoscript/fileName/TimedObjectActivator.cs: bb1df94b2d6347fcdbe73f799d3ca657 -> 
  custom:scripting/monoscript/fileName/AutoCam.cs: ae81c0234c6aa2e342909cd6ad8531f9 -> 
  custom:scripting/monoscript/fileName/WaterBase.cs: c45d6dc5c44825ed7b3cfd00eea96cd1 -> 
  custom:scripting/monoscript/fileName/PivotBasedCameraRig.cs: 569fe548a68bbe05737c846b6136fd7c -> 
  custom:scripting/monoscript/fileName/WaypointProgressTracker.cs: 4258c6b0386daa037a45b680ab62a1e0 -> 
  custom:scripting/monoscript/fileName/ThirdPersonCharacter.cs: cfdf9322569f93fa7d0d8541b14b23bc -> 
  custom:scripting/monoscript/fileName/WaterEditorUtility.cs: a2f035b58d42b9f5e221f28bf9ba8df5 -> 
  custom:scripting/monoscript/fileName/SimpleMouseRotator.cs: dba573bcb546f175149e62ba814f5b72 -> 
  custom:container-muxer-webm: aa71ff27fc2769a1b78a27578f13a17b -> 
  custom:scripting/monoscript/fileName/ParticleSystemMultiplier.cs: ee9356afc1edd7a7e964bbfaae218d2b -> 
  custom:scripting/monoscript/fileName/Explosive.cs: 3828d6083bb1809dd6ceb0774cff30bf -> 
  custom:scripting/monoscript/fileName/TargetFieldOfView.cs: 51d23f9917ca2bff79136f2f326daaed -> 
  custom:video-decoder-webm-vp8: 9c59270c3fd7afecdb556c50c9e8de78 -> 
  custom:scripting/monoscript/fileName/CameraRefocus.cs: ad0ece5675b71eb36894f0c255f332e4 -> 
  custom:SearchIndexIgnoredProperties: e643bd26f0fe6173181afceb89e7c659 -> 
  custom:scripting/monoscript/fileName/TimedObjectDestructor.cs: 2b9ef5c24d8ac1876bcac32bfbb70091 -> 
  custom:AudioImporter_EditorPlatform: d09bf68614088b80899f8185d706f6e7 -> 
  custom:scripting/monoscript/fileName/MobileControlRig.cs: edcf953c7c7f28c0e7c76ed3794b771a -> 
  custom:scripting/monoscript/fileName/ExplosionFireAndDebris.cs: 9c578ebda2ad3c3c3c6c44dce65093e0 -> 
  custom:scripting/monoscript/fileName/SpecularLighting.cs: b337f2555d0714afc339e7449ab9618f -> 
  custom:scripting/monoscript/fileName/ForcedReset.cs: 5ff613fa73995367b603682b60bcea24 -> 
  custom:scripting/monoscript/fileName/HandHeldCam.cs: 39d3287cbb1e5c085859aee4b8cca7a8 -> 
  custom:scripting/monoscript/fileName/EventSystemChecker.cs: 8ff64b04718551a6bca2d6f2b6f6ea6e -> 
  custom:scripting/monoscript/fileName/VirtualInput.cs: dc5775c312c5ecb7052c36f3d3ca27fc -> 
  custom:scripting/monoscript/fileName/WaterHoseParticles.cs: 86c1b8c19be690fb9367e984ca7a0ab7 -> 
  custom:scripting/monoscript/fileName/MouseLook.cs: 36c3836205aea061e755e4bcfebbe89c -> 
  custom:scripting/monoscript/fileName/SimpleActivatorMenu.cs: 1f886f09fd047de86975dc92f0781ec6 -> 
  custom:scripting/monoscript/fileName/FPSCounter.cs: 61325357dea45ada3313f117fe0f7127 -> 
  custom:scripting/monoscript/fileName/LerpControlledBob.cs: e1bf67f0a3095bf49332446dc0219443 -> 
  custom:scripting/monoscript/fileName/ButtonHandler.cs: bf99f15b4b4da7541cf1a3227d33dba4 -> 
  custom:scripting/monoscript/fileName/LookatTarget.cs: 24990fd6a1942dd499cec63d308f9c02 -> 
  custom:video-encoder-webm-vp8: eb34c28f22e8b96e1ab97ce403110664 -> 
  custom:audio-decoder-ogg-vorbis: bf7c407c2cedff20999df2af8eb42d56 -> 
  custom:scripting/monoscript/fileName/AfterburnerPhysicsForce.cs: ea1d2e5ce75d184b47ac9cdb79411e01 -> 
  custom:scripting/monoscript/fileName/Displace.cs: 5b4fe65107bc730457d8c227a256a0ca -> 
  custom:scripting/monoscript/fileName/AxisTouchButton.cs: a7aa800e764d8b80087fc24ac7f59d30 -> 
  custom:scripting/monoscript/fileName/FollowTarget.cs: b1a6ed13124065658ba5d24dfcda5053 -> 
  custom:scripting/monoscript/fileName/FireLight.cs: b4b66c362b883eb58d7e52f4922a19fc -> 
  custom:scripting/monoscript/fileName/FirstPersonController.cs: 1e0da09e3242489bf669acc330e4a42a -> 
  custom:scripting/monoscript/fileName/ProtectCameraFromWallClip.cs: 4c140574803b995cdf559398f585d40b -> 
  custom:scripting/monoscript/fileName/Joystick.cs: 11af4b90318823aa68a285f0f2d513aa -> 
  custom:scripting/monoscript/fileName/BallUserControl.cs: a7e27f72ffe35910ae9c3697f09faa90 -> 
  custom:scripting/monoscript/fileName/FreeLookCam.cs: fbcb717fad2034192c3ecbc696d6e019 -> 
  custom:audio-encoder-webm-vorbis: bf7c407c2cedff20999df2af8eb42d56 -> 
  custom:scripting/monoscript/fileName/PlatformSpecificContent.cs: d80b16e46fa47259f162b60d4de03e39 -> 
  custom:scripting/monoscript/fileName/AutoMoveAndRotate.cs: cadb60ca81f0fa092bfbe6288b868ff7 -> 
  custom:scripting/monoscript/fileName/WaterTile.cs: befbb5490146d8411f498114065e047b -> 
  custom:scripting/monoscript/fileName/ThirdPersonUserControl.cs: bd5be9b690b2b25691123042e3f029e4 -> 
  custom:scripting/monoscript/fileName/Hose.cs: 1d1751f4f603bc707cbfbd006a3e319e -> 
  custom:scripting/monoscript/fileName/HeadBob.cs: 280e62205361a81182004909e3cfba7a -> 
  custom:scripting/monoscript/fileName/ObjectResetter.cs: 4729f3c5ec4320f6d42859ed0a7e4fcc -> 
  custom:scripting/monoscript/fileName/GerstnerDisplaceEditor.cs: cac3112c0b92edc85cc92519734e920f -> 
========================================================================
Received Prepare
Caller must complete domain reload
Begin MonoManager ReloadAssembly
- Loaded All Assemblies, in  0.459 seconds
Native extension for WindowsStandalone target not found
Native extension for WebGL target not found
[ScriptCompilation] NOT recompiling all scripts because this is an import worker process. Reason to compile was: Define symbols changed
System.ArgumentException: There is no a valid NamedBuildTarget for BuildTargetGroup 'PSM'
  at UnityEditor.Build.NamedBuildTarget.FromBuildTargetGroup (UnityEditor.BuildTargetGroup buildTargetGroup) [0x00159] in <fd823a7663ea4cdb840e6c898e2256ce>:0 
  at UnityEditor.PlayerSettings.GetScriptingDefineSymbolsForGroup (UnityEditor.BuildTargetGroup targetGroup) [0x00000] in <fd823a7663ea4cdb840e6c898e2256ce>:0 
  at UnityStandardAssets.CrossPlatformInput.Inspector.CrossPlatformInitialize.GetDefinesList (UnityEditor.BuildTargetGroup group) [0x00001] in D:\Udemy\Complete_Unity_Game_Developer_3D\The Land\Assets\Standard Assets\Editor\CrossPlatformInput\CrossPlatformInputInitialize.cs:134 
  at UnityStandardAssets.CrossPlatformInput.Inspector.CrossPlatformInitialize.SetEnabled (System.String defineName, System.Boolean enable, System.Boolean mobile) [0x0001b] in D:\Udemy\Complete_Unity_Game_Developer_3D\The Land\Assets\Standard Assets\Editor\CrossPlatformInput\CrossPlatformInputInitialize.cs:106 
  at UnityStandardAssets.CrossPlatformInput.Inspector.CrossPlatformInitialize..cctor () [0x0005a] in D:\Udemy\Complete_Unity_Game_Developer_3D\The Land\Assets\Standard Assets\Editor\CrossPlatformInput\CrossPlatformInputInitialize.cs:22 
UnityEngine.StackTraceUtility:ExtractStackTrace ()
UnityEngine.DebugLogHandler:LogFormat (UnityEngine.LogType,UnityEngine.Object,string,object[])
UnityEngine.Logger:Log (UnityEngine.LogType,object)
UnityEngine.Debug:LogError (object)
UnityEditor.EditorAssemblies:ProcessInitializeOnLoadAttributes (System.Type[])

[Package Manager] Server::EnsureServerProcessIsRunning -- launch failed, reason: Unity was launched with the -noUpm command-line argument
[Package Manager] UpmClient::Send -- Unable to send message (not connected to UPM process).
[Package Manager] Cannot connect to Unity Package Manager local server
Mono: successfully reloaded assembly
- Finished resetting the current domain, in  0.947 seconds
Domain Reload Profiling: 1406ms
	BeginReloadAssembly (160ms)
		ExecutionOrderSort (0ms)
		DisableScriptedObjects (5ms)
		BackupInstance (0ms)
		ReleaseScriptingObjects (0ms)
		CreateAndSetChildDomain (35ms)
	RebuildCommonClasses (29ms)
	RebuildNativeTypeToScriptingClass (10ms)
	initialDomainReloadingComplete (22ms)
	LoadAllAssembliesAndSetupDomain (237ms)
		LoadAssemblies (260ms)
		RebuildTransferFunctionScriptingTraits (0ms)
		AnalyzeDomain (70ms)
			TypeCache.Refresh (54ms)
				TypeCache.ScanAssembly (45ms)
			ScanForSourceGeneratedMonoScriptInfo (10ms)
			ResolveRequiredComponents (6ms)
	FinalizeReload (948ms)
		ReleaseScriptCaches (0ms)
		RebuildScriptCaches (0ms)
		SetupLoadedEditorAssemblies (487ms)
			LogAssemblyErrors (0ms)
			InitializePlatformSupportModulesInManaged (6ms)
			SetLoadedEditorAssemblies (4ms)
			RefreshPlugins (0ms)
			BeforeProcessingInitializeOnLoad (70ms)
			ProcessInitializeOnLoadAttributes (384ms)
			ProcessInitializeOnLoadMethodAttributes (21ms)
			AfterProcessingInitializeOnLoad (2ms)
			EditorAssembliesLoaded (0ms)
		ExecutionOrderSort2 (0ms)
		AwakeInstancesAfterBackupRestoration (9ms)
Refreshing native plugins compatible for Editor in 2.85 ms, found 3 plugins.
Preloading 0 native plugins for Editor in 0.00 ms.
Unloading 3176 Unused Serialized files (Serialized files now loaded: 0)
Unloading 31 unused Assets / (3.1 MB). Loaded Objects now: 3643.
Memory consumption went from 127.2 MB to 124.1 MB.
Total: 3.673200 ms (FindLiveObjects: 0.217400 ms CreateObjectMapping: 0.077100 ms MarkObjects: 2.342000 ms  DeleteObjects: 1.035900 ms)

Prepare: number of updated asset objects reloaded= 0
AssetImportParameters requested are different than current active one (requested -> active):
  custom:scripting/monoscript/fileName/MobileInput.cs: 916a9248ab1eb3f0d791859f028e70d8 -> 
  custom:scripting/monoscript/fileName/Water.cs: 4427281107f61d1837c0a767dd081136 -> 
  custom:scripting/monoscript/fileName/InputAxisScrollbar.cs: ac9f721155332e2772dc111905c4d583 -> 
  custom:container-demuxer-ogg: 62fdf1f143b41e24485cea50d1cbac27 -> 
  custom:scripting/monoscript/fileName/PlanarReflectionEditor.cs: e9b6649e6c72d886139d0a61dab2ce53 -> 
  custom:scripting/monoscript/fileName/ActivateTrigger.cs: c17dbf6ebd3571655102669753f97191 -> 
  custom:scripting/monoscript/fileName/WaypointCircuit.cs: eb0e609150550e528225b682103b43f4 -> 
  custom:scripting/monoscript/fileName/ParticleSystemDestroyer.cs: 4a3ccd840619c24dbe6ed070600d5d9e -> 
  custom:scripting/monoscript/fileName/ExplosionPhysicsForce.cs: 99c9bdd3f4711349ea008cc9307354fc -> 
  custom:scripting/monoscript/fileName/CrossPlatformInputInitialize.cs: 5298687dc61bd38df93e503be0cd027b -> 
  custom:scripting/monoscript/fileName/CrossPlatformInputManager.cs: 6de8af81d021eaf9393099950d116e92 -> 
  custom:scripting/monoscript/fileName/DragRigidbody.cs: 4603c3af3f13916f3fa935f6c699052a -> 
  custom:video-codec-MediaFoundation-h265: 746d11721c4dcdbdad8f713fa42b33f4 -> 
  custom:scripting/monoscript/fileName/GerstnerDisplace.cs: 7df2740790548bab84eb0d3c7932989c -> 
  custom:scripting/monoscript/fileName/SmokeParticles.cs: ae0be802c38d22b76b13deaf32e6b2fa -> 
  custom:scripting/monoscript/fileName/PlanarReflection.cs: 12735a809aeff545be42d56dcf008119 -> 
  custom:scripting/precompiled-assembly-types:Assembly-CSharp-Editor-firstpass: 889cd17f27cbaa524c45e740c96559da -> 
  custom:video-decoder-ogg-theora: a1e56fd34408186e4bbccfd4996cb3dc -> 
  custom:scripting/monoscript/fileName/WaterBasic.cs: 55f1f2d585546c05088574d22ca868db -> 
  custom:scripting/monoscript/fileName/WaterBaseEditor.cs: 7bfe9a8f976495e6455dffd894e3c518 -> 
  custom:framework-win-MediaFoundation: 216162199b28c13a410421893ffa2e32 -> 
  custom:scripting/precompiled-assembly-types:Assembly-CSharp-firstpass: d1daeefda41035eb331a3b1dc3a521ee -> 
  custom:scripting/monoscript/fileName/TouchPad.cs: 6807f02d81a6bfd6af95f1e26dad1c08 -> 
  custom:scripting/monoscript/fileName/TiltInput.cs: 1820939af3f541157a2fe21edb2c5afd -> 
  custom:scripting/monoscript/fileName/RigidbodyFirstPersonController.cs: ace2a793a454b629c5b1d471baf52a02 -> 
  custom:scripting/monoscript/fileName/SmoothFollow.cs: 6827ffa1ee9ce151924316a12a17fd6f -> 
  custom:scripting/monoscript/fileName/Ball.cs: 1f94b792729e7dfe8e4b6b48e94f74ad -> 
  custom:scripting/monoscript/fileName/ExtinguishableParticleSystem.cs: f8b7119b76e142217ea59caecee08c2d -> 
  custom:CustomObjectIndexerAttribute: 9a22284fe3817be447336de3de66b15e -> 
  custom:scripting/monoscript/fileName/AICharacterControl.cs: 1ba2ce23cf6d0498a7ed5611bc270566 -> 
  custom:scripting/monoscript/fileName/DynamicShadowSettings.cs: 4d386fbb6170c62321b4d131fcbbb95b -> 
  custom:scripting/monoscript/fileName/CurveControlledBob.cs: fd3c34ca61c0dfb6328f54c1782436be -> 
  custom:scripting/monoscript/fileName/AutoMobileShaderSwitch.cs: 99d7aaf020e3cf1646695822196b7aba -> 
  custom:scripting/monoscript/fileName/AlphaButtonClickMask.cs: d9b1e64559b9156677fa9de4d563dc4f -> 
  custom:container-demuxer-webm: 4f35f7cbe854078d1ac9338744f61a02 -> 
  custom:scripting/monoscript/fileName/SpecularLightingEditor.cs: b1aa7ff8d6178916b888123f93fc1461 -> 
  custom:scripting/monoscript/fileName/StandaloneInput.cs: 88b73dc74cc44043423a370601c3162d -> 
  custom:scripting/monoscript/fileName/MeshContainer.cs: 75ad9d60f0f027bf75784089522aa0ff -> 
  custom:scripting/monoscript/fileName/AbstractTargetFollower.cs: 6409c10c17b027813bf616cbbd82342d -> 
  custom:scripting/monoscript/fileName/FOVKick.cs: d136c86792778333cf463e29c8f7ade6 -> 
  custom:scripting/monoscript/fileName/TimedObjectActivator.cs: bb1df94b2d6347fcdbe73f799d3ca657 -> 
  custom:scripting/monoscript/fileName/AutoCam.cs: ae81c0234c6aa2e342909cd6ad8531f9 -> 
  custom:scripting/monoscript/fileName/WaterBase.cs: c45d6dc5c44825ed7b3cfd00eea96cd1 -> 
  custom:scripting/monoscript/fileName/PivotBasedCameraRig.cs: 569fe548a68bbe05737c846b6136fd7c -> 
  custom:scripting/monoscript/fileName/WaypointProgressTracker.cs: 4258c6b0386daa037a45b680ab62a1e0 -> 
  custom:scripting/monoscript/fileName/ThirdPersonCharacter.cs: cfdf9322569f93fa7d0d8541b14b23bc -> 
  custom:scripting/monoscript/fileName/WaterEditorUtility.cs: a2f035b58d42b9f5e221f28bf9ba8df5 -> 
  custom:scripting/monoscript/fileName/SimpleMouseRotator.cs: dba573bcb546f175149e62ba814f5b72 -> 
  custom:container-muxer-webm: aa71ff27fc2769a1b78a27578f13a17b -> 
  custom:scripting/monoscript/fileName/ParticleSystemMultiplier.cs: ee9356afc1edd7a7e964bbfaae218d2b -> 
  custom:scripting/monoscript/fileName/Explosive.cs: 3828d6083bb1809dd6ceb0774cff30bf -> 
  custom:scripting/monoscript/fileName/TargetFieldOfView.cs: 51d23f9917ca2bff79136f2f326daaed -> 
  custom:video-decoder-webm-vp8: 9c59270c3fd7afecdb556c50c9e8de78 -> 
  custom:scripting/monoscript/fileName/CameraRefocus.cs: ad0ece5675b71eb36894f0c255f332e4 -> 
  custom:SearchIndexIgnoredProperties: e643bd26f0fe6173181afceb89e7c659 -> 
  custom:scripting/monoscript/fileName/TimedObjectDestructor.cs: 2b9ef5c24d8ac1876bcac32bfbb70091 -> 
  custom:AudioImporter_EditorPlatform: d09bf68614088b80899f8185d706f6e7 -> 
  custom:scripting/monoscript/fileName/MobileControlRig.cs: edcf953c7c7f28c0e7c76ed3794b771a -> 
  custom:scripting/monoscript/fileName/ExplosionFireAndDebris.cs: 9c578ebda2ad3c3c3c6c44dce65093e0 -> 
  custom:scripting/monoscript/fileName/SpecularLighting.cs: b337f2555d0714afc339e7449ab9618f -> 
  custom:scripting/monoscript/fileName/ForcedReset.cs: 5ff613fa73995367b603682b60bcea24 -> 
  custom:scripting/monoscript/fileName/HandHeldCam.cs: 39d3287cbb1e5c085859aee4b8cca7a8 -> 
  custom:scripting/monoscript/fileName/EventSystemChecker.cs: 8ff64b04718551a6bca2d6f2b6f6ea6e -> 
  custom:scripting/monoscript/fileName/VirtualInput.cs: dc5775c312c5ecb7052c36f3d3ca27fc -> 
  custom:scripting/monoscript/fileName/WaterHoseParticles.cs: 86c1b8c19be690fb9367e984ca7a0ab7 -> 
  custom:scripting/monoscript/fileName/MouseLook.cs: 36c3836205aea061e755e4bcfebbe89c -> 
  custom:scripting/monoscript/fileName/SimpleActivatorMenu.cs: 1f886f09fd047de86975dc92f0781ec6 -> 
  custom:scripting/monoscript/fileName/FPSCounter.cs: 61325357dea45ada3313f117fe0f7127 -> 
  custom:scripting/monoscript/fileName/LerpControlledBob.cs: e1bf67f0a3095bf49332446dc0219443 -> 
  custom:scripting/monoscript/fileName/ButtonHandler.cs: bf99f15b4b4da7541cf1a3227d33dba4 -> 
  custom:scripting/monoscript/fileName/LookatTarget.cs: 24990fd6a1942dd499cec63d308f9c02 -> 
  custom:video-encoder-webm-vp8: eb34c28f22e8b96e1ab97ce403110664 -> 
  custom:audio-decoder-ogg-vorbis: bf7c407c2cedff20999df2af8eb42d56 -> 
  custom:scripting/monoscript/fileName/AfterburnerPhysicsForce.cs: ea1d2e5ce75d184b47ac9cdb79411e01 -> 
  custom:scripting/monoscript/fileName/Displace.cs: 5b4fe65107bc730457d8c227a256a0ca -> 
  custom:scripting/monoscript/fileName/AxisTouchButton.cs: a7aa800e764d8b80087fc24ac7f59d30 -> 
  custom:scripting/monoscript/fileName/FollowTarget.cs: b1a6ed13124065658ba5d24dfcda5053 -> 
  custom:scripting/monoscript/fileName/FireLight.cs: b4b66c362b883eb58d7e52f4922a19fc -> 
  custom:scripting/monoscript/fileName/FirstPersonController.cs: 1e0da09e3242489bf669acc330e4a42a -> 
  custom:scripting/monoscript/fileName/ProtectCameraFromWallClip.cs: 4c140574803b995cdf559398f585d40b -> 
  custom:scripting/monoscript/fileName/Joystick.cs: 11af4b90318823aa68a285f0f2d513aa -> 
  custom:scripting/monoscript/fileName/BallUserControl.cs: a7e27f72ffe35910ae9c3697f09faa90 -> 
  custom:scripting/monoscript/fileName/FreeLookCam.cs: fbcb717fad2034192c3ecbc696d6e019 -> 
  custom:audio-encoder-webm-vorbis: bf7c407c2cedff20999df2af8eb42d56 -> 
  custom:scripting/monoscript/fileName/PlatformSpecificContent.cs: d80b16e46fa47259f162b60d4de03e39 -> 
  custom:scripting/monoscript/fileName/AutoMoveAndRotate.cs: cadb60ca81f0fa092bfbe6288b868ff7 -> 
  custom:scripting/monoscript/fileName/WaterTile.cs: befbb5490146d8411f498114065e047b -> 
  custom:scripting/monoscript/fileName/ThirdPersonUserControl.cs: bd5be9b690b2b25691123042e3f029e4 -> 
  custom:scripting/monoscript/fileName/Hose.cs: 1d1751f4f603bc707cbfbd006a3e319e -> 
  custom:scripting/monoscript/fileName/HeadBob.cs: 280e62205361a81182004909e3cfba7a -> 
  custom:scripting/monoscript/fileName/ObjectResetter.cs: 4729f3c5ec4320f6d42859ed0a7e4fcc -> 
  custom:scripting/monoscript/fileName/GerstnerDisplaceEditor.cs: cac3112c0b92edc85cc92519734e920f -> 
========================================================================
Received Prepare
Caller must complete domain reload
Begin MonoManager ReloadAssembly
- Loaded All Assemblies, in  0.397 seconds
Native extension for WindowsStandalone target not found
Native extension for WebGL target not found
[ScriptCompilation] NOT recompiling all scripts because this is an import worker process. Reason to compile was: Define symbols changed
System.ArgumentException: There is no a valid NamedBuildTarget for BuildTargetGroup 'PSM'
  at UnityEditor.Build.NamedBuildTarget.FromBuildTargetGroup (UnityEditor.BuildTargetGroup buildTargetGroup) [0x00159] in <fd823a7663ea4cdb840e6c898e2256ce>:0 
  at UnityEditor.PlayerSettings.GetScriptingDefineSymbolsForGroup (UnityEditor.BuildTargetGroup targetGroup) [0x00000] in <fd823a7663ea4cdb840e6c898e2256ce>:0 
  at UnityStandardAssets.CrossPlatformInput.Inspector.CrossPlatformInitialize.GetDefinesList (UnityEditor.BuildTargetGroup group) [0x00001] in D:\Udemy\Complete_Unity_Game_Developer_3D\The Land\Assets\Standard Assets\Editor\CrossPlatformInput\CrossPlatformInputInitialize.cs:134 
  at UnityStandardAssets.CrossPlatformInput.Inspector.CrossPlatformInitialize.SetEnabled (System.String defineName, System.Boolean enable, System.Boolean mobile) [0x0001b] in D:\Udemy\Complete_Unity_Game_Developer_3D\The Land\Assets\Standard Assets\Editor\CrossPlatformInput\CrossPlatformInputInitialize.cs:106 
  at UnityStandardAssets.CrossPlatformInput.Inspector.CrossPlatformInitialize..cctor () [0x0005a] in D:\Udemy\Complete_Unity_Game_Developer_3D\The Land\Assets\Standard Assets\Editor\CrossPlatformInput\CrossPlatformInputInitialize.cs:22 
UnityEngine.StackTraceUtility:ExtractStackTrace ()
UnityEngine.DebugLogHandler:LogFormat (UnityEngine.LogType,UnityEngine.Object,string,object[])
UnityEngine.Logger:Log (UnityEngine.LogType,object)
UnityEngine.Debug:LogError (object)
UnityEditor.EditorAssemblies:ProcessInitializeOnLoadAttributes (System.Type[])

[Package Manager] Server::EnsureServerProcessIsRunning -- launch failed, reason: Unity was launched with the -noUpm command-line argument
[Package Manager] UpmClient::Send -- Unable to send message (not connected to UPM process).
[Package Manager] Cannot connect to Unity Package Manager local server
Mono: successfully reloaded assembly
- Finished resetting the current domain, in  1.079 seconds
Domain Reload Profiling: 1477ms
	BeginReloadAssembly (159ms)
		ExecutionOrderSort (0ms)
		DisableScriptedObjects (6ms)
		BackupInstance (0ms)
		ReleaseScriptingObjects (0ms)
		CreateAndSetChildDomain (32ms)
	RebuildCommonClasses (25ms)
	RebuildNativeTypeToScriptingClass (8ms)
	initialDomainReloadingComplete (20ms)
	LoadAllAssembliesAndSetupDomain (184ms)
		LoadAssemblies (264ms)
		RebuildTransferFunctionScriptingTraits (0ms)
		AnalyzeDomain (11ms)
			TypeCache.Refresh (4ms)
				TypeCache.ScanAssembly (0ms)
			ScanForSourceGeneratedMonoScriptInfo (0ms)
			ResolveRequiredComponents (5ms)
	FinalizeReload (1080ms)
		ReleaseScriptCaches (0ms)
		RebuildScriptCaches (0ms)
		SetupLoadedEditorAssemblies (551ms)
			LogAssemblyErrors (0ms)
			InitializePlatformSupportModulesInManaged (7ms)
			SetLoadedEditorAssemblies (4ms)
			RefreshPlugins (0ms)
			BeforeProcessingInitializeOnLoad (78ms)
			ProcessInitializeOnLoadAttributes (435ms)
			ProcessInitializeOnLoadMethodAttributes (25ms)
			AfterProcessingInitializeOnLoad (2ms)
			EditorAssembliesLoaded (0ms)
		ExecutionOrderSort2 (0ms)
		AwakeInstancesAfterBackupRestoration (11ms)
Refreshing native plugins compatible for Editor in 3.16 ms, found 3 plugins.
Preloading 0 native plugins for Editor in 0.00 ms.
Unloading 3176 Unused Serialized files (Serialized files now loaded: 0)
Unloading 31 unused Assets / (3.1 MB). Loaded Objects now: 3646.
Memory consumption went from 127.2 MB to 124.1 MB.
Total: 3.871100 ms (FindLiveObjects: 0.240600 ms CreateObjectMapping: 0.085900 ms MarkObjects: 2.400600 ms  DeleteObjects: 1.142800 ms)

Prepare: number of updated asset objects reloaded= 0
AssetImportParameters requested are different than current active one (requested -> active):
  custom:scripting/monoscript/fileName/MobileInput.cs: 916a9248ab1eb3f0d791859f028e70d8 -> 
  custom:scripting/monoscript/fileName/Water.cs: 4427281107f61d1837c0a767dd081136 -> 
  custom:scripting/monoscript/fileName/InputAxisScrollbar.cs: ac9f721155332e2772dc111905c4d583 -> 
  custom:container-demuxer-ogg: 62fdf1f143b41e24485cea50d1cbac27 -> 
  custom:scripting/monoscript/fileName/PlanarReflectionEditor.cs: e9b6649e6c72d886139d0a61dab2ce53 -> 
  custom:scripting/monoscript/fileName/ActivateTrigger.cs: c17dbf6ebd3571655102669753f97191 -> 
  custom:scripting/monoscript/fileName/WaypointCircuit.cs: eb0e609150550e528225b682103b43f4 -> 
  custom:scripting/monoscript/fileName/ParticleSystemDestroyer.cs: 4a3ccd840619c24dbe6ed070600d5d9e -> 
  custom:scripting/monoscript/fileName/ExplosionPhysicsForce.cs: 99c9bdd3f4711349ea008cc9307354fc -> 
  custom:scripting/monoscript/fileName/CrossPlatformInputInitialize.cs: 5298687dc61bd38df93e503be0cd027b -> 
  custom:scripting/monoscript/fileName/CrossPlatformInputManager.cs: 6de8af81d021eaf9393099950d116e92 -> 
  custom:scripting/monoscript/fileName/DragRigidbody.cs: 4603c3af3f13916f3fa935f6c699052a -> 
  custom:video-codec-MediaFoundation-h265: 746d11721c4dcdbdad8f713fa42b33f4 -> 
  custom:scripting/monoscript/fileName/GerstnerDisplace.cs: 7df2740790548bab84eb0d3c7932989c -> 
  custom:scripting/monoscript/fileName/SmokeParticles.cs: ae0be802c38d22b76b13deaf32e6b2fa -> 
  custom:scripting/monoscript/fileName/PlanarReflection.cs: 12735a809aeff545be42d56dcf008119 -> 
  custom:scripting/precompiled-assembly-types:Assembly-CSharp-Editor-firstpass: 889cd17f27cbaa524c45e740c96559da -> 
  custom:video-decoder-ogg-theora: a1e56fd34408186e4bbccfd4996cb3dc -> 
  custom:scripting/monoscript/fileName/WaterBasic.cs: 55f1f2d585546c05088574d22ca868db -> 
  custom:scripting/monoscript/fileName/WaterBaseEditor.cs: 7bfe9a8f976495e6455dffd894e3c518 -> 
  custom:framework-win-MediaFoundation: 216162199b28c13a410421893ffa2e32 -> 
  custom:scripting/precompiled-assembly-types:Assembly-CSharp-firstpass: d1daeefda41035eb331a3b1dc3a521ee -> 
  custom:scripting/monoscript/fileName/TouchPad.cs: 6807f02d81a6bfd6af95f1e26dad1c08 -> 
  custom:scripting/monoscript/fileName/TiltInput.cs: 1820939af3f541157a2fe21edb2c5afd -> 
  custom:scripting/monoscript/fileName/RigidbodyFirstPersonController.cs: ace2a793a454b629c5b1d471baf52a02 -> 
  custom:scripting/monoscript/fileName/SmoothFollow.cs: 6827ffa1ee9ce151924316a12a17fd6f -> 
  custom:scripting/monoscript/fileName/Ball.cs: 1f94b792729e7dfe8e4b6b48e94f74ad -> 
  custom:scripting/monoscript/fileName/ExtinguishableParticleSystem.cs: f8b7119b76e142217ea59caecee08c2d -> 
  custom:CustomObjectIndexerAttribute: 9a22284fe3817be447336de3de66b15e -> 
  custom:scripting/monoscript/fileName/AICharacterControl.cs: 1ba2ce23cf6d0498a7ed5611bc270566 -> 
  custom:scripting/monoscript/fileName/DynamicShadowSettings.cs: 4d386fbb6170c62321b4d131fcbbb95b -> 
  custom:scripting/monoscript/fileName/CurveControlledBob.cs: fd3c34ca61c0dfb6328f54c1782436be -> 
  custom:scripting/monoscript/fileName/AutoMobileShaderSwitch.cs: 99d7aaf020e3cf1646695822196b7aba -> 
  custom:scripting/monoscript/fileName/AlphaButtonClickMask.cs: d9b1e64559b9156677fa9de4d563dc4f -> 
  custom:container-demuxer-webm: 4f35f7cbe854078d1ac9338744f61a02 -> 
  custom:scripting/monoscript/fileName/SpecularLightingEditor.cs: b1aa7ff8d6178916b888123f93fc1461 -> 
  custom:scripting/monoscript/fileName/StandaloneInput.cs: 88b73dc74cc44043423a370601c3162d -> 
  custom:scripting/monoscript/fileName/MeshContainer.cs: 75ad9d60f0f027bf75784089522aa0ff -> 
  custom:scripting/monoscript/fileName/AbstractTargetFollower.cs: 6409c10c17b027813bf616cbbd82342d -> 
  custom:scripting/monoscript/fileName/FOVKick.cs: d136c86792778333cf463e29c8f7ade6 -> 
  custom:scripting/monoscript/fileName/TimedObjectActivator.cs: bb1df94b2d6347fcdbe73f799d3ca657 -> 
  custom:scripting/monoscript/fileName/AutoCam.cs: ae81c0234c6aa2e342909cd6ad8531f9 -> 
  custom:scripting/monoscript/fileName/WaterBase.cs: c45d6dc5c44825ed7b3cfd00eea96cd1 -> 
  custom:scripting/monoscript/fileName/PivotBasedCameraRig.cs: 569fe548a68bbe05737c846b6136fd7c -> 
  custom:scripting/monoscript/fileName/WaypointProgressTracker.cs: 4258c6b0386daa037a45b680ab62a1e0 -> 
  custom:scripting/monoscript/fileName/ThirdPersonCharacter.cs: cfdf9322569f93fa7d0d8541b14b23bc -> 
  custom:scripting/monoscript/fileName/WaterEditorUtility.cs: a2f035b58d42b9f5e221f28bf9ba8df5 -> 
  custom:scripting/monoscript/fileName/SimpleMouseRotator.cs: dba573bcb546f175149e62ba814f5b72 -> 
  custom:container-muxer-webm: aa71ff27fc2769a1b78a27578f13a17b -> 
  custom:scripting/monoscript/fileName/ParticleSystemMultiplier.cs: ee9356afc1edd7a7e964bbfaae218d2b -> 
  custom:scripting/monoscript/fileName/Explosive.cs: 3828d6083bb1809dd6ceb0774cff30bf -> 
  custom:scripting/monoscript/fileName/TargetFieldOfView.cs: 51d23f9917ca2bff79136f2f326daaed -> 
  custom:video-decoder-webm-vp8: 9c59270c3fd7afecdb556c50c9e8de78 -> 
  custom:scripting/monoscript/fileName/CameraRefocus.cs: ad0ece5675b71eb36894f0c255f332e4 -> 
  custom:SearchIndexIgnoredProperties: e643bd26f0fe6173181afceb89e7c659 -> 
  custom:scripting/monoscript/fileName/TimedObjectDestructor.cs: 2b9ef5c24d8ac1876bcac32bfbb70091 -> 
  custom:AudioImporter_EditorPlatform: d09bf68614088b80899f8185d706f6e7 -> 
  custom:scripting/monoscript/fileName/MobileControlRig.cs: edcf953c7c7f28c0e7c76ed3794b771a -> 
  custom:scripting/monoscript/fileName/ExplosionFireAndDebris.cs: 9c578ebda2ad3c3c3c6c44dce65093e0 -> 
  custom:scripting/monoscript/fileName/SpecularLighting.cs: b337f2555d0714afc339e7449ab9618f -> 
  custom:scripting/monoscript/fileName/ForcedReset.cs: 5ff613fa73995367b603682b60bcea24 -> 
  custom:scripting/monoscript/fileName/HandHeldCam.cs: 39d3287cbb1e5c085859aee4b8cca7a8 -> 
  custom:scripting/monoscript/fileName/EventSystemChecker.cs: 8ff64b04718551a6bca2d6f2b6f6ea6e -> 
  custom:scripting/monoscript/fileName/VirtualInput.cs: dc5775c312c5ecb7052c36f3d3ca27fc -> 
  custom:scripting/monoscript/fileName/WaterHoseParticles.cs: 86c1b8c19be690fb9367e984ca7a0ab7 -> 
  custom:scripting/monoscript/fileName/MouseLook.cs: 36c3836205aea061e755e4bcfebbe89c -> 
  custom:scripting/monoscript/fileName/SimpleActivatorMenu.cs: 1f886f09fd047de86975dc92f0781ec6 -> 
  custom:scripting/monoscript/fileName/FPSCounter.cs: 61325357dea45ada3313f117fe0f7127 -> 
  custom:scripting/monoscript/fileName/LerpControlledBob.cs: e1bf67f0a3095bf49332446dc0219443 -> 
  custom:scripting/monoscript/fileName/ButtonHandler.cs: bf99f15b4b4da7541cf1a3227d33dba4 -> 
  custom:scripting/monoscript/fileName/LookatTarget.cs: 24990fd6a1942dd499cec63d308f9c02 -> 
  custom:video-encoder-webm-vp8: eb34c28f22e8b96e1ab97ce403110664 -> 
  custom:audio-decoder-ogg-vorbis: bf7c407c2cedff20999df2af8eb42d56 -> 
  custom:scripting/monoscript/fileName/AfterburnerPhysicsForce.cs: ea1d2e5ce75d184b47ac9cdb79411e01 -> 
  custom:scripting/monoscript/fileName/Displace.cs: 5b4fe65107bc730457d8c227a256a0ca -> 
  custom:scripting/monoscript/fileName/AxisTouchButton.cs: a7aa800e764d8b80087fc24ac7f59d30 -> 
  custom:scripting/monoscript/fileName/FollowTarget.cs: b1a6ed13124065658ba5d24dfcda5053 -> 
  custom:scripting/monoscript/fileName/FireLight.cs: b4b66c362b883eb58d7e52f4922a19fc -> 
  custom:scripting/monoscript/fileName/FirstPersonController.cs: 1e0da09e3242489bf669acc330e4a42a -> 
  custom:scripting/monoscript/fileName/ProtectCameraFromWallClip.cs: 4c140574803b995cdf559398f585d40b -> 
  custom:scripting/monoscript/fileName/Joystick.cs: 11af4b90318823aa68a285f0f2d513aa -> 
  custom:scripting/monoscript/fileName/BallUserControl.cs: a7e27f72ffe35910ae9c3697f09faa90 -> 
  custom:scripting/monoscript/fileName/FreeLookCam.cs: fbcb717fad2034192c3ecbc696d6e019 -> 
  custom:audio-encoder-webm-vorbis: bf7c407c2cedff20999df2af8eb42d56 -> 
  custom:scripting/monoscript/fileName/PlatformSpecificContent.cs: d80b16e46fa47259f162b60d4de03e39 -> 
  custom:scripting/monoscript/fileName/AutoMoveAndRotate.cs: cadb60ca81f0fa092bfbe6288b868ff7 -> 
  custom:scripting/monoscript/fileName/WaterTile.cs: befbb5490146d8411f498114065e047b -> 
  custom:scripting/monoscript/fileName/ThirdPersonUserControl.cs: bd5be9b690b2b25691123042e3f029e4 -> 
  custom:scripting/monoscript/fileName/Hose.cs: 1d1751f4f603bc707cbfbd006a3e319e -> 
  custom:scripting/monoscript/fileName/HeadBob.cs: 280e62205361a81182004909e3cfba7a -> 
  custom:scripting/monoscript/fileName/ObjectResetter.cs: 4729f3c5ec4320f6d42859ed0a7e4fcc -> 
  custom:scripting/monoscript/fileName/GerstnerDisplaceEditor.cs: cac3112c0b92edc85cc92519734e920f -> 
========================================================================
Received Import Request.
  Time since last request: 377.960770 seconds.
  path: Assets/Standard Assets/Characters
  artifactKey: Guid(8c32f58513a41ef4dab9cb7704c5fb92) Importer(815301076,1909f56bfc062723c751e8b465ee728b)
Start importing Assets/Standard Assets/Characters using Guid(8c32f58513a41ef4dab9cb7704c5fb92) Importer(815301076,1909f56bfc062723c751e8b465ee728b) [PhysX] Initialized MultithreadedTaskDispatcher with 12 workers.
 -> (artifact id: '946aa1f5d522781ab9d3f3e5ee6c2c58') in 0.002665 seconds
Number of updated asset objects reloaded before import = 0
Number of asset objects unloaded after import = 0
========================================================================
Received Import Request.
  Time since last request: 3.084240 seconds.
  path: Assets/Standard Assets/Characters/FirstPersonCharacter
  artifactKey: Guid(943e057eaae705e43b9e9b2e53d6adb0) Importer(815301076,1909f56bfc062723c751e8b465ee728b)
Start importing Assets/Standard Assets/Characters/FirstPersonCharacter using Guid(943e057eaae705e43b9e9b2e53d6adb0) Importer(815301076,1909f56bfc062723c751e8b465ee728b) [PhysX] Initialized MultithreadedTaskDispatcher with 12 workers.
 -> (artifact id: '2e847c3c61f5afb217641e588abbe17e') in 0.000584 seconds
Number of updated asset objects reloaded before import = 0
Number of asset objects unloaded after import = 0
========================================================================
Received Import Request.
  Time since last request: 2.822129 seconds.
  path: Assets/Standard Assets/Characters/FirstPersonCharacter/Prefabs
  artifactKey: Guid(0bfb2599080d5d24e84362b4ae314ae7) Importer(815301076,1909f56bfc062723c751e8b465ee728b)
Start importing Assets/Standard Assets/Characters/FirstPersonCharacter/Prefabs using Guid(0bfb2599080d5d24e84362b4ae314ae7) Importer(815301076,1909f56bfc062723c751e8b465ee728b) [PhysX] Initialized MultithreadedTaskDispatcher with 12 workers.
 -> (artifact id: '954115b9c0373034b191c9c088d78679') in 0.000611 seconds
Number of updated asset objects reloaded before import = 0
Number of asset objects unloaded after import = 0
========================================================================
Received Import Request.
  Time since last request: 0.112206 seconds.
  path: Assets/Standard Assets/Characters/FirstPersonCharacter/Prefabs/FPSController.prefab
  artifactKey: Guid(5e9e851c0e142814dac026a256ba2ac0) Importer(815301076,1909f56bfc062723c751e8b465ee728b)
Start importing Assets/Standard Assets/Characters/FirstPersonCharacter/Prefabs/FPSController.prefab using Guid(5e9e851c0e142814dac026a256ba2ac0) Importer(815301076,1909f56bfc062723c751e8b465ee728b) [PhysX] Initialized MultithreadedTaskDispatcher with 12 workers.
 -> (artifact id: '14266f2e652e91fd756d05c20398a8a7') in 0.031277 seconds
Number of updated asset objects reloaded before import = 0
Number of asset objects unloaded after import = 13
========================================================================
Received Prepare
Caller must complete domain reload
Begin MonoManager ReloadAssembly
- Loaded All Assemblies, in  0.405 seconds
Native extension for WindowsStandalone target not found
Native extension for WebGL target not found
[ScriptCompilation] NOT recompiling all scripts because this is an import worker process. Reason to compile was: Define symbols changed
System.ArgumentException: There is no a valid NamedBuildTarget for BuildTargetGroup 'PSM'
  at UnityEditor.Build.NamedBuildTarget.FromBuildTargetGroup (UnityEditor.BuildTargetGroup buildTargetGroup) [0x00159] in <fd823a7663ea4cdb840e6c898e2256ce>:0 
  at UnityEditor.PlayerSettings.GetScriptingDefineSymbolsForGroup (UnityEditor.BuildTargetGroup targetGroup) [0x00000] in <fd823a7663ea4cdb840e6c898e2256ce>:0 
  at UnityStandardAssets.CrossPlatformInput.Inspector.CrossPlatformInitialize.GetDefinesList (UnityEditor.BuildTargetGroup group) [0x00001] in D:\Udemy\Complete_Unity_Game_Developer_3D\The Land\Assets\Standard Assets\Editor\CrossPlatformInput\CrossPlatformInputInitialize.cs:134 
  at UnityStandardAssets.CrossPlatformInput.Inspector.CrossPlatformInitialize.SetEnabled (System.String defineName, System.Boolean enable, System.Boolean mobile) [0x0001b] in D:\Udemy\Complete_Unity_Game_Developer_3D\The Land\Assets\Standard Assets\Editor\CrossPlatformInput\CrossPlatformInputInitialize.cs:106 
  at UnityStandardAssets.CrossPlatformInput.Inspector.CrossPlatformInitialize..cctor () [0x0005a] in D:\Udemy\Complete_Unity_Game_Developer_3D\The Land\Assets\Standard Assets\Editor\CrossPlatformInput\CrossPlatformInputInitialize.cs:22 
UnityEngine.StackTraceUtility:ExtractStackTrace ()
UnityEngine.DebugLogHandler:LogFormat (UnityEngine.LogType,UnityEngine.Object,string,object[])
UnityEngine.Logger:Log (UnityEngine.LogType,object)
UnityEngine.Debug:LogError (object)
UnityEditor.EditorAssemblies:ProcessInitializeOnLoadAttributes (System.Type[])

[Package Manager] Server::EnsureServerProcessIsRunning -- launch failed, reason: Unity was launched with the -noUpm command-line argument
[Package Manager] UpmClient::Send -- Unable to send message (not connected to UPM process).
[Package Manager] Cannot connect to Unity Package Manager local server
Mono: successfully reloaded assembly
- Finished resetting the current domain, in  1.093 seconds
Domain Reload Profiling: 1499ms
	BeginReloadAssembly (151ms)
		ExecutionOrderSort (0ms)
		DisableScriptedObjects (4ms)
		BackupInstance (0ms)
		ReleaseScriptingObjects (0ms)
		CreateAndSetChildDomain (30ms)
	RebuildCommonClasses (30ms)
	RebuildNativeTypeToScriptingClass (10ms)
	initialDomainReloadingComplete (23ms)
	LoadAllAssembliesAndSetupDomain (191ms)
		LoadAssemblies (267ms)
		RebuildTransferFunctionScriptingTraits (0ms)
		AnalyzeDomain (14ms)
			TypeCache.Refresh (6ms)
				TypeCache.ScanAssembly (0ms)
			ScanForSourceGeneratedMonoScriptInfo (0ms)
			ResolveRequiredComponents (7ms)
	FinalizeReload (1094ms)
		ReleaseScriptCaches (0ms)
		RebuildScriptCaches (0ms)
		SetupLoadedEditorAssemblies (591ms)
			LogAssemblyErrors (0ms)
			InitializePlatformSupportModulesInManaged (7ms)
			SetLoadedEditorAssemblies (4ms)
			RefreshPlugins (0ms)
			BeforeProcessingInitializeOnLoad (85ms)
			ProcessInitializeOnLoadAttributes (469ms)
			ProcessInitializeOnLoadMethodAttributes (24ms)
			AfterProcessingInitializeOnLoad (2ms)
			EditorAssembliesLoaded (0ms)
		ExecutionOrderSort2 (0ms)
		AwakeInstancesAfterBackupRestoration (10ms)
Refreshing native plugins compatible for Editor in 3.20 ms, found 3 plugins.
Preloading 0 native plugins for Editor in 0.00 ms.
Unloading 3175 Unused Serialized files (Serialized files now loaded: 0)
Unloading 31 unused Assets / (3.1 MB). Loaded Objects now: 3650.
Memory consumption went from 127.0 MB to 123.9 MB.
Total: 5.613400 ms (FindLiveObjects: 0.277100 ms CreateObjectMapping: 0.115300 ms MarkObjects: 3.264100 ms  DeleteObjects: 1.955300 ms)

Prepare: number of updated asset objects reloaded= 0
AssetImportParameters requested are different than current active one (requested -> active):
  custom:scripting/monoscript/fileName/MobileInput.cs: 916a9248ab1eb3f0d791859f028e70d8 -> 
  custom:scripting/monoscript/fileName/Water.cs: 4427281107f61d1837c0a767dd081136 -> 
  custom:scripting/monoscript/fileName/InputAxisScrollbar.cs: ac9f721155332e2772dc111905c4d583 -> 
  custom:container-demuxer-ogg: 62fdf1f143b41e24485cea50d1cbac27 -> 
  custom:scripting/monoscript/fileName/PlanarReflectionEditor.cs: e9b6649e6c72d886139d0a61dab2ce53 -> 
  custom:scripting/monoscript/fileName/ActivateTrigger.cs: c17dbf6ebd3571655102669753f97191 -> 
  custom:scripting/monoscript/fileName/WaypointCircuit.cs: eb0e609150550e528225b682103b43f4 -> 
  custom:scripting/monoscript/fileName/ParticleSystemDestroyer.cs: 4a3ccd840619c24dbe6ed070600d5d9e -> 
  custom:scripting/monoscript/fileName/ExplosionPhysicsForce.cs: 99c9bdd3f4711349ea008cc9307354fc -> 
  custom:scripting/monoscript/fileName/CrossPlatformInputInitialize.cs: 5298687dc61bd38df93e503be0cd027b -> 
  custom:scripting/monoscript/fileName/CrossPlatformInputManager.cs: 6de8af81d021eaf9393099950d116e92 -> 
  custom:scripting/monoscript/fileName/DragRigidbody.cs: 4603c3af3f13916f3fa935f6c699052a -> 
  custom:video-codec-MediaFoundation-h265: 746d11721c4dcdbdad8f713fa42b33f4 -> 
  custom:scripting/monoscript/fileName/GerstnerDisplace.cs: 7df2740790548bab84eb0d3c7932989c -> 
  custom:scripting/monoscript/fileName/SmokeParticles.cs: ae0be802c38d22b76b13deaf32e6b2fa -> 
  custom:scripting/monoscript/fileName/PlanarReflection.cs: 12735a809aeff545be42d56dcf008119 -> 
  custom:scripting/precompiled-assembly-types:Assembly-CSharp-Editor-firstpass: 889cd17f27cbaa524c45e740c96559da -> 
  custom:video-decoder-ogg-theora: a1e56fd34408186e4bbccfd4996cb3dc -> 
  custom:scripting/monoscript/fileName/WaterBasic.cs: 55f1f2d585546c05088574d22ca868db -> 
  custom:scripting/monoscript/fileName/WaterBaseEditor.cs: 7bfe9a8f976495e6455dffd894e3c518 -> 
  custom:framework-win-MediaFoundation: 216162199b28c13a410421893ffa2e32 -> 
  custom:scripting/precompiled-assembly-types:Assembly-CSharp-firstpass: d1daeefda41035eb331a3b1dc3a521ee -> 
  custom:scripting/monoscript/fileName/TouchPad.cs: 6807f02d81a6bfd6af95f1e26dad1c08 -> 
  custom:scripting/monoscript/fileName/TiltInput.cs: 1820939af3f541157a2fe21edb2c5afd -> 
  custom:scripting/monoscript/fileName/RigidbodyFirstPersonController.cs: ace2a793a454b629c5b1d471baf52a02 -> 
  custom:scripting/monoscript/fileName/SmoothFollow.cs: 6827ffa1ee9ce151924316a12a17fd6f -> 
  custom:scripting/monoscript/fileName/Ball.cs: 1f94b792729e7dfe8e4b6b48e94f74ad -> 
  custom:scripting/monoscript/fileName/ExtinguishableParticleSystem.cs: f8b7119b76e142217ea59caecee08c2d -> 
  custom:CustomObjectIndexerAttribute: 9a22284fe3817be447336de3de66b15e -> 
  custom:scripting/monoscript/fileName/AICharacterControl.cs: 1ba2ce23cf6d0498a7ed5611bc270566 -> 
  custom:scripting/monoscript/fileName/DynamicShadowSettings.cs: 4d386fbb6170c62321b4d131fcbbb95b -> 
  custom:scripting/monoscript/fileName/CurveControlledBob.cs: fd3c34ca61c0dfb6328f54c1782436be -> 
  custom:scripting/monoscript/fileName/AutoMobileShaderSwitch.cs: 99d7aaf020e3cf1646695822196b7aba -> 
  custom:scripting/monoscript/fileName/AlphaButtonClickMask.cs: d9b1e64559b9156677fa9de4d563dc4f -> 
  custom:container-demuxer-webm: 4f35f7cbe854078d1ac9338744f61a02 -> 
  custom:scripting/monoscript/fileName/SpecularLightingEditor.cs: b1aa7ff8d6178916b888123f93fc1461 -> 
  custom:scripting/monoscript/fileName/StandaloneInput.cs: 88b73dc74cc44043423a370601c3162d -> 
  custom:scripting/monoscript/fileName/MeshContainer.cs: 75ad9d60f0f027bf75784089522aa0ff -> 
  custom:scripting/monoscript/fileName/AbstractTargetFollower.cs: 6409c10c17b027813bf616cbbd82342d -> 
  custom:scripting/monoscript/fileName/FOVKick.cs: d136c86792778333cf463e29c8f7ade6 -> 
  custom:scripting/monoscript/fileName/TimedObjectActivator.cs: bb1df94b2d6347fcdbe73f799d3ca657 -> 
  custom:scripting/monoscript/fileName/AutoCam.cs: ae81c0234c6aa2e342909cd6ad8531f9 -> 
  custom:scripting/monoscript/fileName/WaterBase.cs: c45d6dc5c44825ed7b3cfd00eea96cd1 -> 
  custom:scripting/monoscript/fileName/PivotBasedCameraRig.cs: 569fe548a68bbe05737c846b6136fd7c -> 
  custom:scripting/monoscript/fileName/WaypointProgressTracker.cs: 4258c6b0386daa037a45b680ab62a1e0 -> 
  custom:scripting/monoscript/fileName/ThirdPersonCharacter.cs: cfdf9322569f93fa7d0d8541b14b23bc -> 
  custom:scripting/monoscript/fileName/WaterEditorUtility.cs: a2f035b58d42b9f5e221f28bf9ba8df5 -> 
  custom:scripting/monoscript/fileName/SimpleMouseRotator.cs: dba573bcb546f175149e62ba814f5b72 -> 
  custom:container-muxer-webm: aa71ff27fc2769a1b78a27578f13a17b -> 
  custom:scripting/monoscript/fileName/ParticleSystemMultiplier.cs: ee9356afc1edd7a7e964bbfaae218d2b -> 
  custom:scripting/monoscript/fileName/Explosive.cs: 3828d6083bb1809dd6ceb0774cff30bf -> 
  custom:scripting/monoscript/fileName/TargetFieldOfView.cs: 51d23f9917ca2bff79136f2f326daaed -> 
  custom:video-decoder-webm-vp8: 9c59270c3fd7afecdb556c50c9e8de78 -> 
  custom:scripting/monoscript/fileName/CameraRefocus.cs: ad0ece5675b71eb36894f0c255f332e4 -> 
  custom:SearchIndexIgnoredProperties: e643bd26f0fe6173181afceb89e7c659 -> 
  custom:scripting/monoscript/fileName/TimedObjectDestructor.cs: 2b9ef5c24d8ac1876bcac32bfbb70091 -> 
  custom:AudioImporter_EditorPlatform: d09bf68614088b80899f8185d706f6e7 -> 
  custom:scripting/monoscript/fileName/MobileControlRig.cs: edcf953c7c7f28c0e7c76ed3794b771a -> 
  custom:scripting/monoscript/fileName/ExplosionFireAndDebris.cs: 9c578ebda2ad3c3c3c6c44dce65093e0 -> 
  custom:scripting/monoscript/fileName/SpecularLighting.cs: b337f2555d0714afc339e7449ab9618f -> 
  custom:scripting/monoscript/fileName/ForcedReset.cs: 5ff613fa73995367b603682b60bcea24 -> 
  custom:scripting/monoscript/fileName/HandHeldCam.cs: 39d3287cbb1e5c085859aee4b8cca7a8 -> 
  custom:scripting/monoscript/fileName/EventSystemChecker.cs: 8ff64b04718551a6bca2d6f2b6f6ea6e -> 
  custom:scripting/monoscript/fileName/VirtualInput.cs: dc5775c312c5ecb7052c36f3d3ca27fc -> 
  custom:scripting/monoscript/fileName/WaterHoseParticles.cs: 86c1b8c19be690fb9367e984ca7a0ab7 -> 
  custom:scripting/monoscript/fileName/MouseLook.cs: 36c3836205aea061e755e4bcfebbe89c -> 
  custom:scripting/monoscript/fileName/SimpleActivatorMenu.cs: 1f886f09fd047de86975dc92f0781ec6 -> 
  custom:scripting/monoscript/fileName/FPSCounter.cs: 61325357dea45ada3313f117fe0f7127 -> 
  custom:scripting/monoscript/fileName/LerpControlledBob.cs: e1bf67f0a3095bf49332446dc0219443 -> 
  custom:scripting/monoscript/fileName/ButtonHandler.cs: bf99f15b4b4da7541cf1a3227d33dba4 -> 
  custom:scripting/monoscript/fileName/LookatTarget.cs: 24990fd6a1942dd499cec63d308f9c02 -> 
  custom:video-encoder-webm-vp8: eb34c28f22e8b96e1ab97ce403110664 -> 
  custom:audio-decoder-ogg-vorbis: bf7c407c2cedff20999df2af8eb42d56 -> 
  custom:scripting/monoscript/fileName/AfterburnerPhysicsForce.cs: ea1d2e5ce75d184b47ac9cdb79411e01 -> 
  custom:scripting/monoscript/fileName/Displace.cs: 5b4fe65107bc730457d8c227a256a0ca -> 
  custom:scripting/monoscript/fileName/AxisTouchButton.cs: a7aa800e764d8b80087fc24ac7f59d30 -> 
  custom:scripting/monoscript/fileName/FollowTarget.cs: b1a6ed13124065658ba5d24dfcda5053 -> 
  custom:scripting/monoscript/fileName/FireLight.cs: b4b66c362b883eb58d7e52f4922a19fc -> 
  custom:scripting/monoscript/fileName/FirstPersonController.cs: 1e0da09e3242489bf669acc330e4a42a -> 
  custom:scripting/monoscript/fileName/ProtectCameraFromWallClip.cs: 4c140574803b995cdf559398f585d40b -> 
  custom:scripting/monoscript/fileName/Joystick.cs: 11af4b90318823aa68a285f0f2d513aa -> 
  custom:scripting/monoscript/fileName/BallUserControl.cs: a7e27f72ffe35910ae9c3697f09faa90 -> 
  custom:scripting/monoscript/fileName/FreeLookCam.cs: fbcb717fad2034192c3ecbc696d6e019 -> 
  custom:audio-encoder-webm-vorbis: bf7c407c2cedff20999df2af8eb42d56 -> 
  custom:scripting/monoscript/fileName/PlatformSpecificContent.cs: d80b16e46fa47259f162b60d4de03e39 -> 
  custom:scripting/monoscript/fileName/AutoMoveAndRotate.cs: cadb60ca81f0fa092bfbe6288b868ff7 -> 
  custom:scripting/monoscript/fileName/WaterTile.cs: befbb5490146d8411f498114065e047b -> 
  custom:scripting/monoscript/fileName/ThirdPersonUserControl.cs: bd5be9b690b2b25691123042e3f029e4 -> 
  custom:scripting/monoscript/fileName/Hose.cs: 1d1751f4f603bc707cbfbd006a3e319e -> 
  custom:scripting/monoscript/fileName/HeadBob.cs: 280e62205361a81182004909e3cfba7a -> 
  custom:scripting/monoscript/fileName/ObjectResetter.cs: 4729f3c5ec4320f6d42859ed0a7e4fcc -> 
  custom:scripting/monoscript/fileName/GerstnerDisplaceEditor.cs: cac3112c0b92edc85cc92519734e920f -> 
========================================================================
Received Import Request.
  Time since last request: 16.519440 seconds.
  path: Assets/Standard Assets/Characters/FirstPersonCharacter/Prefabs/FPSController.prefab
  artifactKey: Guid(5e9e851c0e142814dac026a256ba2ac0) Importer(815301076,1909f56bfc062723c751e8b465ee728b)
Start importing Assets/Standard Assets/Characters/FirstPersonCharacter/Prefabs/FPSController.prefab using Guid(5e9e851c0e142814dac026a256ba2ac0) Importer(815301076,1909f56bfc062723c751e8b465ee728b) [PhysX] Initialized MultithreadedTaskDispatcher with 12 workers.
 -> (artifact id: '14266f2e652e91fd756d05c20398a8a7') in 0.029468 seconds
Number of updated asset objects reloaded before import = 0
Number of asset objects unloaded after import = 13
========================================================================
Received Import Request.
  Time since last request: 22.798935 seconds.
  path: Assets/Standard Assets/Characters/FirstPersonCharacter/Prefabs/FPSController.prefab
  artifactKey: Guid(5e9e851c0e142814dac026a256ba2ac0) Importer(815301076,1909f56bfc062723c751e8b465ee728b)
Start importing Assets/Standard Assets/Characters/FirstPersonCharacter/Prefabs/FPSController.prefab using Guid(5e9e851c0e142814dac026a256ba2ac0) Importer(815301076,1909f56bfc062723c751e8b465ee728b) [PhysX] Initialized MultithreadedTaskDispatcher with 12 workers.
 -> (artifact id: '14266f2e652e91fd756d05c20398a8a7') in 0.003134 seconds
Number of updated asset objects reloaded before import = 0
Number of asset objects unloaded after import = 13
========================================================================
Received Import Request.
  Time since last request: 2.954578 seconds.
  path: Assets/Standard Assets/Characters/FirstPersonCharacter/Prefabs/FPSController.prefab
  artifactKey: Guid(5e9e851c0e142814dac026a256ba2ac0) Importer(815301076,1909f56bfc062723c751e8b465ee728b)
Start importing Assets/Standard Assets/Characters/FirstPersonCharacter/Prefabs/FPSController.prefab using Guid(5e9e851c0e142814dac026a256ba2ac0) Importer(815301076,1909f56bfc062723c751e8b465ee728b) [PhysX] Initialized MultithreadedTaskDispatcher with 12 workers.
 -> (artifact id: '14266f2e652e91fd756d05c20398a8a7') in 0.002714 seconds
Number of updated asset objects reloaded before import = 0
Number of asset objects unloaded after import = 13
========================================================================
Received Import Request.
  Time since last request: 86.171419 seconds.
  path: Assets/Scenes
  artifactKey: Guid(54ef88990ea122d4e993535c2fb88af0) Importer(815301076,1909f56bfc062723c751e8b465ee728b)
Start importing Assets/Scenes using Guid(54ef88990ea122d4e993535c2fb88af0) Importer(815301076,1909f56bfc062723c751e8b465ee728b) [PhysX] Initialized MultithreadedTaskDispatcher with 12 workers.
 -> (artifact id: 'aa09c76414fddba62d67c21e715d0aea') in 0.000747 seconds
Number of updated asset objects reloaded before import = 0
Number of asset objects unloaded after import = 0
========================================================================
Received Import Request.
  Time since last request: 0.545661 seconds.
  path: Assets/Scenes/SampleScene.unity
  artifactKey: Guid(9fc0d4010bbf28b4594072e72b8655ab) Importer(815301076,1909f56bfc062723c751e8b465ee728b)
Start importing Assets/Scenes/SampleScene.unity using Guid(9fc0d4010bbf28b4594072e72b8655ab) Importer(815301076,1909f56bfc062723c751e8b465ee728b) [PhysX] Initialized MultithreadedTaskDispatcher with 12 workers.
 -> (artifact id: 'e29c98e3e7cd9d31792034eda6946498') in 0.000672 seconds
Number of updated asset objects reloaded before import = 0
Number of asset objects unloaded after import = 0
========================================================================
Received Import Request.
  Time since last request: 6.883323 seconds.
  path: Assets/Scenes/Sandbox.unity
  artifactKey: Guid(9fc0d4010bbf28b4594072e72b8655ab) Importer(815301076,1909f56bfc062723c751e8b465ee728b)
Start importing Assets/Scenes/Sandbox.unity using Guid(9fc0d4010bbf28b4594072e72b8655ab) Importer(815301076,1909f56bfc062723c751e8b465ee728b) [PhysX] Initialized MultithreadedTaskDispatcher with 12 workers.
 -> (artifact id: '00394081bfde9645c9eb2cdaaa42cf02') in 0.000534 seconds
Number of updated asset objects reloaded before import = 0
Number of asset objects unloaded after import = 0
========================================================================
Received Import Request.
  Time since last request: 16.355324 seconds.
  path: Assets/Standard Assets/Prototyping
  artifactKey: Guid(153c77e0022ff3148beba89b18de3476) Importer(815301076,1909f56bfc062723c751e8b465ee728b)
Start importing Assets/Standard Assets/Prototyping using Guid(153c77e0022ff3148beba89b18de3476) Importer(815301076,1909f56bfc062723c751e8b465ee728b) [PhysX] Initialized MultithreadedTaskDispatcher with 12 workers.
 -> (artifact id: 'd94adc7e10d6fdcf341fa78973afdd80') in 0.000596 seconds
Number of updated asset objects reloaded before import = 0
Number of asset objects unloaded after import = 0
========================================================================
Received Import Request.
  Time since last request: 22.493601 seconds.
  path: Assets/Standard Assets/Prototyping/Prefabs
  artifactKey: Guid(b7fd744af0c01c94c9c84cc342423458) Importer(815301076,1909f56bfc062723c751e8b465ee728b)
Start importing Assets/Standard Assets/Prototyping/Prefabs using Guid(b7fd744af0c01c94c9c84cc342423458) Importer(815301076,1909f56bfc062723c751e8b465ee728b) [PhysX] Initialized MultithreadedTaskDispatcher with 12 workers.
 -> (artifact id: '17d04cadfa0e84178409231a355b9fbd') in 0.000738 seconds
Number of updated asset objects reloaded before import = 0
Number of asset objects unloaded after import = 0
========================================================================
Received Import Request.
  Time since last request: 0.148739 seconds.
  path: Assets/Standard Assets/Prototyping/Prefabs/BlockPrototype04x04x04.prefab
  artifactKey: Guid(ab33e6080ae416b4d899f39fa8951b98) Importer(815301076,1909f56bfc062723c751e8b465ee728b)
Start importing Assets/Standard Assets/Prototyping/Prefabs/BlockPrototype04x04x04.prefab using Guid(ab33e6080ae416b4d899f39fa8951b98) Importer(815301076,1909f56bfc062723c751e8b465ee728b) [PhysX] Initialized MultithreadedTaskDispatcher with 12 workers.
[PhysX] Initialized MultithreadedTaskDispatcher with 12 workers.
 -> (artifact id: '2b786b9f53e2b519395150f20939f143') in 0.302461 seconds
Number of updated asset objects reloaded before import = 0
Number of asset objects unloaded after import = 11
========================================================================
Received Import Request.
  Time since last request: 0.000031 seconds.
  path: Assets/Standard Assets/Prototyping/Prefabs/RampPrototype04x02x02.prefab
  artifactKey: Guid(4e11ef4f39bc65e44a4b0755ecac6ea1) Importer(815301076,1909f56bfc062723c751e8b465ee728b)
Start importing Assets/Standard Assets/Prototyping/Prefabs/RampPrototype04x02x02.prefab using Guid(4e11ef4f39bc65e44a4b0755ecac6ea1) Importer(815301076,1909f56bfc062723c751e8b465ee728b) [PhysX] Initialized MultithreadedTaskDispatcher with 12 workers.
[PhysX] Initialized MultithreadedTaskDispatcher with 12 workers.
 -> (artifact id: 'c7a390c6657fb92d728d6cf14907c331') in 0.011266 seconds
Number of updated asset objects reloaded before import = 0
Number of asset objects unloaded after import = 10
========================================================================
Received Import Request.
  Time since last request: 0.000032 seconds.
  path: Assets/Standard Assets/Prototyping/Prefabs/PillarPrototype02x08x02.prefab
  artifactKey: Guid(44884af1ac1d64d42902da40268ba120) Importer(815301076,1909f56bfc062723c751e8b465ee728b)
Start importing Assets/Standard Assets/Prototyping/Prefabs/PillarPrototype02x08x02.prefab using Guid(44884af1ac1d64d42902da40268ba120) Importer(815301076,1909f56bfc062723c751e8b465ee728b) [PhysX] Initialized MultithreadedTaskDispatcher with 12 workers.
[PhysX] Initialized MultithreadedTaskDispatcher with 12 workers.
 -> (artifact id: 'd033f6f25037a6d7c3a4c6345c675c53') in 0.011546 seconds
Number of updated asset objects reloaded before import = 0
Number of asset objects unloaded after import = 11
========================================================================
Received Import Request.
  Time since last request: 0.000020 seconds.
  path: Assets/Standard Assets/Prototyping/Prefabs/PlatformPrototype02x01x02.prefab
  artifactKey: Guid(45635d5190a12bc4884469b7dcafa846) Importer(815301076,1909f56bfc062723c751e8b465ee728b)
Start importing Assets/Standard Assets/Prototyping/Prefabs/PlatformPrototype02x01x02.prefab using Guid(45635d5190a12bc4884469b7dcafa846) Importer(815301076,1909f56bfc062723c751e8b465ee728b) [PhysX] Initialized MultithreadedTaskDispatcher with 12 workers.
[PhysX] Initialized MultithreadedTaskDispatcher with 12 workers.
 -> (artifact id: 'aa237f425f72810a5f2656c6488f70f9') in 0.011350 seconds
Number of updated asset objects reloaded before import = 0
Number of asset objects unloaded after import = 11
========================================================================
Received Import Request.
  Time since last request: 0.000041 seconds.
  path: Assets/Standard Assets/Prototyping/Prefabs/JoinInnerPrototype01x06x01.prefab
  artifactKey: Guid(9ae7f9f9eacff4142b21eb85ae606fdc) Importer(815301076,1909f56bfc062723c751e8b465ee728b)
Start importing Assets/Standard Assets/Prototyping/Prefabs/JoinInnerPrototype01x06x01.prefab using Guid(9ae7f9f9eacff4142b21eb85ae606fdc) Importer(815301076,1909f56bfc062723c751e8b465ee728b) [PhysX] Initialized MultithreadedTaskDispatcher with 12 workers.
[PhysX] Initialized MultithreadedTaskDispatcher with 12 workers.
 -> (artifact id: 'd17f7ba8b2d91c5167f1bd2677ea98f4') in 0.010946 seconds
Number of updated asset objects reloaded before import = 0
Number of asset objects unloaded after import = 11
========================================================================
Received Import Request.
  Time since last request: 0.000035 seconds.
  path: Assets/Standard Assets/Prototyping/Prefabs/FloorPrototype08x01x08.prefab
  artifactKey: Guid(584a8ef4749c89745b7ae07f3ba7617f) Importer(815301076,1909f56bfc062723c751e8b465ee728b)
Start importing Assets/Standard Assets/Prototyping/Prefabs/FloorPrototype08x01x08.prefab using Guid(584a8ef4749c89745b7ae07f3ba7617f) Importer(815301076,1909f56bfc062723c751e8b465ee728b) [PhysX] Initialized MultithreadedTaskDispatcher with 12 workers.
[PhysX] Initialized MultithreadedTaskDispatcher with 12 workers.
 -> (artifact id: 'bdcf28c702e9488df73d3441a48b205b') in 0.010172 seconds
Number of updated asset objects reloaded before import = 0
Number of asset objects unloaded after import = 11
========================================================================
Received Import Request.
  Time since last request: 0.000017 seconds.
  path: Assets/Standard Assets/Prototyping/Prefabs/FloorPrototype04x01x04.prefab
  artifactKey: Guid(4620f3c93dca8c94c9124d8ba443f43e) Importer(815301076,1909f56bfc062723c751e8b465ee728b)
Start importing Assets/Standard Assets/Prototyping/Prefabs/FloorPrototype04x01x04.prefab using Guid(4620f3c93dca8c94c9124d8ba443f43e) Importer(815301076,1909f56bfc062723c751e8b465ee728b) [PhysX] Initialized MultithreadedTaskDispatcher with 12 workers.
[PhysX] Initialized MultithreadedTaskDispatcher with 12 workers.
 -> (artifact id: 'e2f2e3e6a1b5638cd1eaf54d6681865c') in 0.010237 seconds
Number of updated asset objects reloaded before import = 0
Number of asset objects unloaded after import = 11
========================================================================
Received Import Request.
  Time since last request: 0.000015 seconds.
  path: Assets/Standard Assets/Prototyping/Prefabs/HousePrototype16x16x24.prefab
  artifactKey: Guid(5862bbfe91a75054ca72c13b555b6ac5) Importer(815301076,1909f56bfc062723c751e8b465ee728b)
Start importing Assets/Standard Assets/Prototyping/Prefabs/HousePrototype16x16x24.prefab using Guid(5862bbfe91a75054ca72c13b555b6ac5) Importer(815301076,1909f56bfc062723c751e8b465ee728b) [PhysX] Initialized MultithreadedTaskDispatcher with 12 workers.
[PhysX] Initialized MultithreadedTaskDispatcher with 12 workers.
 -> (artifact id: 'd5b76d8fdfe1edea3192905801f2345c') in 0.009125 seconds
Number of updated asset objects reloaded before import = 0
Number of asset objects unloaded after import = 11
========================================================================
Received Import Request.
  Time since last request: 0.000021 seconds.
  path: Assets/Standard Assets/Prototyping/Prefabs/JoinMidPrototype04x06x01.prefab
  artifactKey: Guid(04a24b5e91096bd4e8ae6fba35c4dbf8) Importer(815301076,1909f56bfc062723c751e8b465ee728b)
Start importing Assets/Standard Assets/Prototyping/Prefabs/JoinMidPrototype04x06x01.prefab using Guid(04a24b5e91096bd4e8ae6fba35c4dbf8) Importer(815301076,1909f56bfc062723c751e8b465ee728b) [PhysX] Initialized MultithreadedTaskDispatcher with 12 workers.
[PhysX] Initialized MultithreadedTaskDispatcher with 12 workers.
 -> (artifact id: '8ac1d6c7b0ef1f0962e435efd5982731') in 0.011838 seconds
Number of updated asset objects reloaded before import = 0
Number of asset objects unloaded after import = 11
========================================================================
Received Import Request.
  Time since last request: 0.000019 seconds.
  path: Assets/Standard Assets/Prototyping/Prefabs/JoinOuterPrototype02x06x02.prefab
  artifactKey: Guid(b321aed21e0872743a175d8dbbe12ac8) Importer(815301076,1909f56bfc062723c751e8b465ee728b)
Start importing Assets/Standard Assets/Prototyping/Prefabs/JoinOuterPrototype02x06x02.prefab using Guid(b321aed21e0872743a175d8dbbe12ac8) Importer(815301076,1909f56bfc062723c751e8b465ee728b) [PhysX] Initialized MultithreadedTaskDispatcher with 12 workers.
[PhysX] Initialized MultithreadedTaskDispatcher with 12 workers.
 -> (artifact id: 'ca8ccee578faaa29cf15cef76c6f958d') in 0.011985 seconds
Number of updated asset objects reloaded before import = 0
Number of asset objects unloaded after import = 11
Editor requested this worker to shutdown with reason: Scaling down because of idle timeout
TcpMessagingSession - receive error: operation aborted. errorcode: 995, details: The I/O operation has been aborted because of either a thread exit or an application request.
AssetImportWorker is now disconnected from the server
Process exiting
Exiting without the bug reporter. Application will terminate with return code 0